1611905070388	geckodriver	INFO	Listening on 127.0.0.1:60183
1611905070851	mozrunner::runner	INFO	Running command: "/Applications/Firefox.app/Contents/MacOS/firefox-bin" "--marionette" "-foreground" "-no-remote" "-profile" "/var/folders/xk/d74b7w_x2gsc9thzlk_8006m0000gn/T/rust_mozprofiler1dU7y"
console.warn: SearchSettings: "get: No settings file exists, new profile?" (new Error("", "(unknown module)"))
1611905072814	Marionette	INFO	Listening on port 60199
1611905072836	Marionette	WARN	TLS certificate errors will be ignored for this session
1611905072845	Marionette	ERROR	[19] No reply from Marionette:Register
console.error: Region.jsm: "Error fetching region" (new Error("TIMEOUT", "resource://gre/modules/Region.jsm", 775))
console.error: Region.jsm: "Failed to fetch region" (new Error("TIMEOUT", "resource://gre/modules/Region.jsm", 422))
1611905126708	Marionette	INFO	Stopped listening on port 60199

###!!! [Parent][RunMessage] Error: Channel closing: too late to send/recv, messages will be lost

1611905132069	geckodriver	INFO	Listening on 127.0.0.1:60501
1611905132092	mozrunner::runner	INFO	Running command: "/Applications/Firefox.app/Contents/MacOS/firefox-bin" "--marionette" "-foreground" "-no-remote" "-profile" "/var/folders/xk/d74b7w_x2gsc9thzlk_8006m0000gn/T/rust_mozprofile0oewfI"
console.warn: SearchSettings: "get: No settings file exists, new profile?" (new Error("", "(unknown module)"))
1611905134196	Marionette	INFO	Listening on port 60506
1611905134265	Marionette	WARN	TLS certificate errors will be ignored for this session
1611905134273	Marionette	ERROR	[19] No reply from Marionette:Register
JavaScript error: resource://gre/actors/AutoCompleteChild.jsm, line 125: Error: Invalid autocomplete selectedIndex
1611905178038	Marionette	INFO	Stopped listening on port 60506

###!!! [Parent][RunMessage] Error: Channel closing: too late to send/recv, messages will be lost

1611905277004	geckodriver	INFO	Listening on 127.0.0.1:60651
1611905277023	mozrunner::runner	INFO	Running command: "/Applications/Firefox.app/Contents/MacOS/firefox-bin" "--marionette" "-foreground" "-no-remote" "-profile" "/var/folders/xk/d74b7w_x2gsc9thzlk_8006m0000gn/T/rust_mozprofile0sVbGC"
console.warn: SearchSettings: "get: No settings file exists, new profile?" (new Error("", "(unknown module)"))
1611905279185	Marionette	INFO	Listening on port 60656
1611905279204	Marionette	WARN	TLS certificate errors will be ignored for this session
1611905279216	Marionette	ERROR	[19] No reply from Marionette:Register
console.error: Region.jsm: "Error fetching region" (new Error("TIMEOUT", "resource://gre/modules/Region.jsm", 775))
console.error: Region.jsm: "Failed to fetch region" (new Error("TIMEOUT", "resource://gre/modules/Region.jsm", 422))
console.error: services.settings: 
  main/partitioning-exempt-urls Signature failed  TypeError: NetworkError when attempting to fetch resource.
console.error: services.settings: 
  main/message-groups Signature failed  TypeError: NetworkError when attempting to fetch resource.
console.error: services.settings: 
  main/fxmonitor-breaches Signature failed  TypeError: NetworkError when attempting to fetch resource.
console.error: services.settings: 
  main/cfr-fxa Signature failed  TypeError: NetworkError when attempting to fetch resource.
console.error: services.settings: 
  main/cfr Signature failed  TypeError: NetworkError when attempting to fetch resource.
console.error: services.settings: 
  main/whats-new-panel Signature failed  TypeError: NetworkError when attempting to fetch resource.
1611905644317	Marionette	INFO	Stopped listening on port 60656

###!!! [Parent][RunMessage] Error: Channel closing: too late to send/recv, messages will be lost

1611905863377	geckodriver	INFO	Listening on 127.0.0.1:60912
1611905863398	mozrunner::runner	INFO	Running command: "/Applications/Firefox.app/Contents/MacOS/firefox-bin" "--marionette" "-foreground" "-no-remote" "-profile" "/var/folders/xk/d74b7w_x2gsc9thzlk_8006m0000gn/T/rust_mozprofile8ro6uk"
console.warn: SearchSettings: "get: No settings file exists, new profile?" (new Error("", "(unknown module)"))
1611905865469	Marionette	INFO	Listening on port 60917
1611905865586	Marionette	WARN	TLS certificate errors will be ignored for this session
1611905865595	Marionette	ERROR	[19] No reply from Marionette:Register
console.error: Region.jsm: "Error fetching region" (new Error("TIMEOUT", "resource://gre/modules/Region.jsm", 775))
console.error: Region.jsm: "Failed to fetch region" (new Error("TIMEOUT", "resource://gre/modules/Region.jsm", 422))
1611905915641	geckodriver	INFO	Listening on 127.0.0.1:60991
1611905915670	mozrunner::runner	INFO	Running command: "/Applications/Firefox.app/Contents/MacOS/firefox-bin" "--marionette" "-foreground" "-no-remote" "-profile" "/var/folders/xk/d74b7w_x2gsc9thzlk_8006m0000gn/T/rust_mozprofileqUiad5"
console.warn: SearchSettings: "get: No settings file exists, new profile?" (new Error("", "(unknown module)"))
1611905917909	Marionette	INFO	Listening on port 60996
1611905917954	Marionette	WARN	TLS certificate errors will be ignored for this session
1611905917965	Marionette	ERROR	[19] No reply from Marionette:Register
console.error: Region.jsm: "Error fetching region" (new Error("TIMEOUT", "resource://gre/modules/Region.jsm", 775))
console.error: Region.jsm: "Failed to fetch region" (new Error("TIMEOUT", "resource://gre/modules/Region.jsm", 422))
1611905927523	Marionette	INFO	Stopped listening on port 60996
JavaScript error: resource://activity-stream/lib/ASRouter.jsm, line 987: NS_ERROR_ILLEGAL_VALUE: Component returned failure code: 0x80070057 (NS_ERROR_ILLEGAL_VALUE) [nsIObserverService.removeObserver]
console.error: services.settings: 
  main/message-groups Signature failed  TypeError: NetworkError when attempting to fetch resource.
console.error: services.settings: 
  main/partitioning-exempt-urls Signature failed  TypeError: NetworkError when attempting to fetch resource.
console.error: services.settings: 
  main/fxmonitor-breaches Signature failed  TypeError: NetworkError when attempting to fetch resource.

###!!! [Parent][RunMessage] Error: Channel closing: too late to send/recv, messages will be lost

1611905935697	geckodriver	INFO	Listening on 127.0.0.1:61058
1611905935713	mozrunner::runner	INFO	Running command: "/Applications/Firefox.app/Contents/MacOS/firefox-bin" "--marionette" "-foreground" "-no-remote" "-profile" "/var/folders/xk/d74b7w_x2gsc9thzlk_8006m0000gn/T/rust_mozprofileAXXtPb"
console.warn: SearchSettings: "get: No settings file exists, new profile?" (new Error("", "(unknown module)"))
1611905937789	Marionette	INFO	Listening on port 61063
1611905937894	Marionette	WARN	TLS certificate errors will be ignored for this session
1611905937902	Marionette	ERROR	[19] No reply from Marionette:Register
1611905938804	Marionette	INFO	Stopped listening on port 61063
JavaScript error: resource://activity-stream/lib/ASRouter.jsm, line 987: NS_ERROR_ILLEGAL_VALUE: Component returned failure code: 0x80070057 (NS_ERROR_ILLEGAL_VALUE) [nsIObserverService.removeObserver]
console.error: Region.jsm: "Error fetching region" (new TypeError("NetworkError when attempting to fetch resource.", ""))
console.error: Region.jsm: "Failed to fetch region" (new Error("NO_RESULT", "resource://gre/modules/Region.jsm", 422))

###!!! [Parent][RunMessage] Error: Channel closing: too late to send/recv, messages will be lost

JavaScript warning: https://g.alicdn.com/??kissy/k/6.2.4/seed-min.js,kg/global-util/1.0.7/index-min.js,tb/tracker/4.3.12/index.js,kg/tb-nav/2.5.11/index-min.js,secdev/sufei_data/3.8.7/index.js, line 6: WebGL context was lost.
JavaScript warning: https://g.alicdn.com/??xlly/spl/rp.js,secdev/nsv/1.0.78/ns_e_88_3_n.js, line 5: WebGL context was lost.
JavaScript warning: https://g.alicdn.com/AWSC/et/1.62.1/et_n.js, line 4: WebGL context was lost.
1611906088392	Marionette	INFO	Stopped listening on port 60917

###!!! [Parent][RunMessage] Error: Channel closing: too late to send/recv, messages will be lost

1611906434044	geckodriver	INFO	Listening on 127.0.0.1:61384
1611906434074	mozrunner::runner	INFO	Running command: "/Applications/Firefox.app/Contents/MacOS/firefox-bin" "--marionette" "-foreground" "-no-remote" "-profile" "/var/folders/xk/d74b7w_x2gsc9thzlk_8006m0000gn/T/rust_mozprofileYIO0iU"
console.warn: SearchSettings: "get: No settings file exists, new profile?" (new Error("", "(unknown module)"))
1611906436257	Marionette	INFO	Listening on port 61389
1611906436373	Marionette	WARN	TLS certificate errors will be ignored for this session
1611906436385	Marionette	ERROR	[19] No reply from Marionette:Register
console.error: Region.jsm: "Error fetching region" (new Error("TIMEOUT", "resource://gre/modules/Region.jsm", 775))
console.error: Region.jsm: "Failed to fetch region" (new Error("TIMEOUT", "resource://gre/modules/Region.jsm", 422))
JavaScript warning: https://g.alicdn.com/??kissy/k/6.2.4/seed-min.js,kg/global-util/1.0.7/index-min.js,tb/tracker/4.3.12/index.js,kg/tb-nav/2.5.11/index-min.js,secdev/sufei_data/3.8.7/index.js, line 6: WebGL context was lost.
JavaScript warning: https://g.alicdn.com/AWSC/et/1.62.1/et_n.js, line 4: WebGL context was lost.
JavaScript warning: https://g.alicdn.com/secdev/sufei_data/3.9.5/index.js, line 1: WebGL context was lost.
JavaScript warning: https://g.alicdn.com/??xlly/spl/rp.js,secdev/nsv/1.0.78/ns_e_88_3_n.js, line 5: WebGL context was lost.
JavaScript warning: https://g.alicdn.com/AWSC/WebUMID/1.87.0/um.js, line 7: WebGL context was lost.
JavaScript warning: https://g.alicdn.com/AWSC/WebUMID/1.87.0/um.js, line 7: WebGL context was lost.
1611906462598	Marionette	INFO	Stopped listening on port 61389

###!!! [Parent][RunMessage] Error: Channel closing: too late to send/recv, messages will be lost

1611906620356	geckodriver	INFO	Listening on 127.0.0.1:61583
1611906620376	mozrunner::runner	INFO	Running command: "/Applications/Firefox.app/Contents/MacOS/firefox-bin" "--marionette" "-foreground" "-no-remote" "-profile" "/var/folders/xk/d74b7w_x2gsc9thzlk_8006m0000gn/T/rust_mozprofile1lLJmA"
console.warn: SearchSettings: "get: No settings file exists, new profile?" (new Error("", "(unknown module)"))
1611906622614	Marionette	INFO	Listening on port 61588
1611906622667	Marionette	WARN	TLS certificate errors will be ignored for this session
1611906622678	Marionette	ERROR	[16] No reply from Marionette:Register
JavaScript warning: https://g.alicdn.com/??kissy/k/6.2.4/seed-min.js,kg/global-util/1.0.7/index-min.js,tb/tracker/4.3.12/index.js,kg/tb-nav/2.5.11/index-min.js,secdev/sufei_data/3.8.7/index.js, line 6: WebGL context was lost.
console.error: Region.jsm: "Error fetching region" (new Error("TIMEOUT", "resource://gre/modules/Region.jsm", 775))
console.error: Region.jsm: "Failed to fetch region" (new Error("TIMEOUT", "resource://gre/modules/Region.jsm", 422))
JavaScript warning: https://g.alicdn.com/AWSC/et/1.62.1/et_n.js, line 4: WebGL context was lost.
JavaScript warning: https://g.alicdn.com/secdev/sufei_data/3.9.5/index.js, line 1: WebGL context was lost.
JavaScript warning: https://g.alicdn.com/??xlly/spl/rp.js,secdev/nsv/1.0.78/ns_e_88_3_n.js, line 5: WebGL context was lost.
JavaScript warning: https://g.alicdn.com/AWSC/WebUMID/1.87.0/um.js, line 7: WebGL context was lost.
1611906634302	Marionette	INFO	Stopped listening on port 61588
JavaScript error: resource://activity-stream/lib/ASRouter.jsm, line 987: NS_ERROR_ILLEGAL_VALUE: Component returned failure code: 0x80070057 (NS_ERROR_ILLEGAL_VALUE) [nsIObserverService.removeObserver]
console.error: services.settings: 
  main/fxmonitor-breaches Signature failed  TypeError: NetworkError when attempting to fetch resource.
console.error: services.settings: 
  main/partitioning-exempt-urls Signature failed  TypeError: NetworkError when attempting to fetch resource.
console.error: services.settings: 
  main/message-groups Signature failed  TypeError: NetworkError when attempting to fetch resource.

###!!! [Parent][RunMessage] Error: Channel closing: too late to send/recv, messages will be lost

1611906842499	geckodriver	INFO	Listening on 127.0.0.1:61853
1611906842516	mozrunner::runner	INFO	Running command: "/Applications/Firefox.app/Contents/MacOS/firefox-bin" "--marionette" "-foreground" "-no-remote" "-profile" "/var/folders/xk/d74b7w_x2gsc9thzlk_8006m0000gn/T/rust_mozprofileXRTUVk"
console.warn: SearchSettings: "get: No settings file exists, new profile?" (new Error("", "(unknown module)"))
1611906844530	Marionette	INFO	Listening on port 61858
1611906844606	Marionette	WARN	TLS certificate errors will be ignored for this session
1611906844615	Marionette	ERROR	[16] No reply from Marionette:Register
console.error: Region.jsm: "Error fetching region" (new Error("TIMEOUT", "resource://gre/modules/Region.jsm", 775))
console.error: Region.jsm: "Failed to fetch region" (new Error("TIMEOUT", "resource://gre/modules/Region.jsm", 422))
JavaScript warning: https://g.alicdn.com/??kissy/k/6.2.4/seed-min.js,kg/global-util/1.0.7/index-min.js,tb/tracker/4.3.12/index.js,kg/tb-nav/2.5.11/index-min.js,secdev/sufei_data/3.8.7/index.js, line 6: WebGL context was lost.
JavaScript warning: https://g.alicdn.com/secdev/sufei_data/3.9.5/index.js, line 1: WebGL context was lost.
JavaScript warning: https://g.alicdn.com/??xlly/spl/rp.js,secdev/nsv/1.0.78/ns_e_88_3_n.js, line 5: WebGL context was lost.
JavaScript warning: https://g.alicdn.com/AWSC/et/1.62.1/et_n.js, line 4: WebGL context was lost.
JavaScript warning: https://g.alicdn.com/AWSC/WebUMID/1.87.0/um.js, line 7: WebGL context was lost.
JavaScript warning: https://g.alicdn.com/AWSC/WebUMID/1.87.0/um.js, line 7: WebGL context was lost.
JavaScript warning: https://g.alicdn.com/AWSC/et/1.62.1/et_n.js, line 4: WebGL context was lost.
JavaScript warning: https://g.alicdn.com/secdev/sufei_data/3.9.5/index.js, line 1: WebGL context was lost.
JavaScript warning: https://g.alicdn.com/??xlly/spl/rp.js,secdev/nsv/1.0.78/ns_e_88_3_n.js, line 5: WebGL context was lost.
JavaScript warning: https://g.alicdn.com/AWSC/WebUMID/1.87.0/um.js, line 7: WebGL context was lost.
1611906886897	Marionette	INFO	Stopped listening on port 61858

###!!! [Parent][RunMessage] Error: Channel closing: too late to send/recv, messages will be lost

